=== Server Monitor Data Migration Tool ===
Connecting to SQLite: /opt/server-monitor/metrics.db
Connecting to PostgreSQL...
Checking and initializing PostgreSQL tables...

--- Migrating table: metrics ---
Total metrics records to migrate: 30043
Progress: 500/30043 metrics migrated...
Progress: 1000/30043 metrics migrated...
Progress: 1500/30043 metrics migrated...
Progress: 2000/30043 metrics migrated...
Progress: 2500/30043 metrics migrated...
Progress: 3000/30043 metrics migrated...
Progress: 3500/30043 metrics migrated...
Progress: 4000/30043 metrics migrated...
Progress: 4500/30043 metrics migrated...
Progress: 5000/30043 metrics migrated...
Progress: 5500/30043 metrics migrated...
Progress: 6000/30043 metrics migrated...
Progress: 6500/30043 metrics migrated...
Progress: 7000/30043 metrics migrated...
Progress: 7500/30043 metrics migrated...
Progress: 8000/30043 metrics migrated...
Progress: 8500/30043 metrics migrated...
Progress: 9000/30043 metrics migrated...
Progress: 9500/30043 metrics migrated...
Progress: 10000/30043 metrics migrated...
Progress: 10500/30043 metrics migrated...
Progress: 11000/30043 metrics migrated...
Progress: 11500/30043 metrics migrated...
Progress: 12000/30043 metrics migrated...
Progress: 12500/30043 metrics migrated...
Progress: 13000/30043 metrics migrated...
Progress: 13500/30043 metrics migrated...
Progress: 14000/30043 metrics migrated...
Progress: 14500/30043 metrics migrated...
Progress: 15000/30043 metrics migrated...
Progress: 15500/30043 metrics migrated...
Progress: 16000/30043 metrics migrated...
Progress: 16500/30043 metrics migrated...
Progress: 17000/30043 metrics migrated...
Progress: 17500/30043 metrics migrated...
Progress: 18000/30043 metrics migrated...
Progress: 18500/30043 metrics migrated...
Progress: 19000/30043 metrics migrated...
Progress: 19500/30043 metrics migrated...
Progress: 20000/30043 metrics migrated...
Progress: 20500/30043 metrics migrated...
Progress: 21000/30043 metrics migrated...
Progress: 21500/30043 metrics migrated...
Progress: 22000/30043 metrics migrated...
Progress: 22500/30043 metrics migrated...
Progress: 23000/30043 metrics migrated...
Progress: 23500/30043 metrics migrated...
Progress: 24000/30043 metrics migrated...
Progress: 24500/30043 metrics migrated...
Progress: 25000/30043 metrics migrated...
Progress: 25500/30043 metrics migrated...
Progress: 26000/30043 metrics migrated...
Progress: 26500/30043 metrics migrated...
Progress: 27000/30043 metrics migrated...
Progress: 27500/30043 metrics migrated...
Progress: 28000/30043 metrics migrated...
Progress: 28500/30043 metrics migrated...
Progress: 29000/30043 metrics migrated...
Progress: 29500/30043 metrics migrated...
Progress: 30000/30043 metrics migrated...
Progress: 30043/30043 metrics migrated...
metrics table migration completed successfully.

--- Migrating table: service_metrics ---
Total service metrics records to migrate: 604614
Progress: 500/604614 service metrics migrated...
Progress: 1000/604614 service metrics migrated...
Progress: 1500/604614 service metrics migrated...
Progress: 2000/604614 service metrics migrated...
Progress: 2500/604614 service metrics migrated...
Progress: 3000/604614 service metrics migrated...
Progress: 3500/604614 service metrics migrated...
Progress: 4000/604614 service metrics migrated...
Progress: 4500/604614 service metrics migrated...
Progress: 5000/604614 service metrics migrated...
Progress: 5500/604614 service metrics migrated...
Progress: 6000/604614 service metrics migrated...
Progress: 6500/604614 service metrics migrated...
Progress: 7000/604614 service metrics migrated...
Progress: 7500/604614 service metrics migrated...
Progress: 8000/604614 service metrics migrated...
Progress: 8500/604614 service metrics migrated...
Progress: 9000/604614 service metrics migrated...
Progress: 9500/604614 service metrics migrated...
Progress: 10000/604614 service metrics migrated...
Progress: 10500/604614 service metrics migrated...
Progress: 11000/604614 service metrics migrated...
Progress: 11500/604614 service metrics migrated...
Progress: 12000/604614 service metrics migrated...
Progress: 12500/604614 service metrics migrated...
Progress: 13000/604614 service metrics migrated...
Progress: 13500/604614 service metrics migrated...
Progress: 14000/604614 service metrics migrated...
Progress: 14500/604614 service metrics migrated...
Progress: 15000/604614 service metrics migrated...
Progress: 15500/604614 service metrics migrated...
Progress: 16000/604614 service metrics migrated...
Progress: 16500/604614 service metrics migrated...
Progress: 17000/604614 service metrics migrated...
Progress: 17500/604614 service metrics migrated...
Progress: 18000/604614 service metrics migrated...
Progress: 18500/604614 service metrics migrated...
Progress: 19000/604614 service metrics migrated...
Progress: 19500/604614 service metrics migrated...
Progress: 20000/604614 service metrics migrated...
Progress: 20500/604614 service metrics migrated...
Progress: 21000/604614 service metrics migrated...
Progress: 21500/604614 service metrics migrated...
Progress: 22000/604614 service metrics migrated...
Progress: 22500/604614 service metrics migrated...
Progress: 23000/604614 service metrics migrated...
Progress: 23500/604614 service metrics migrated...
Progress: 24000/604614 service metrics migrated...
Progress: 24500/604614 service metrics migrated...
Progress: 25000/604614 service metrics migrated...
Progress: 25500/604614 service metrics migrated...
Progress: 26000/604614 service metrics migrated...
Progress: 26500/604614 service metrics migrated...
Progress: 27000/604614 service metrics migrated...
Progress: 27500/604614 service metrics migrated...
Progress: 28000/604614 service metrics migrated...
Progress: 28500/604614 service metrics migrated...
Progress: 29000/604614 service metrics migrated...
Progress: 29500/604614 service metrics migrated...
Progress: 30000/604614 service metrics migrated...
Progress: 30500/604614 service metrics migrated...
Progress: 31000/604614 service metrics migrated...
Progress: 31500/604614 service metrics migrated...
Progress: 32000/604614 service metrics migrated...
Progress: 32500/604614 service metrics migrated...
Progress: 33000/604614 service metrics migrated...
Progress: 33500/604614 service metrics migrated...
Progress: 34000/604614 service metrics migrated...
Progress: 34500/604614 service metrics migrated...
Progress: 35000/604614 service metrics migrated...
Progress: 35500/604614 service metrics migrated...
Progress: 36000/604614 service metrics migrated...
Progress: 36500/604614 service metrics migrated...
Progress: 37000/604614 service metrics migrated...
Progress: 37500/604614 service metrics migrated...
Progress: 38000/604614 service metrics migrated...
Progress: 38500/604614 service metrics migrated...
Progress: 39000/604614 service metrics migrated...
Progress: 39500/604614 service metrics migrated...
Progress: 40000/604614 service metrics migrated...
Progress: 40500/604614 service metrics migrated...
Progress: 41000/604614 service metrics migrated...
Progress: 41500/604614 service metrics migrated...
Progress: 42000/604614 service metrics migrated...
Progress: 42500/604614 service metrics migrated...
Progress: 43000/604614 service metrics migrated...
Progress: 43500/604614 service metrics migrated...
Progress: 44000/604614 service metrics migrated...
Progress: 44500/604614 service metrics migrated...
Progress: 45000/604614 service metrics migrated...
Progress: 45500/604614 service metrics migrated...
Progress: 46000/604614 service metrics migrated...
Progress: 46500/604614 service metrics migrated...
Progress: 47000/604614 service metrics migrated...
Progress: 47500/604614 service metrics migrated...
Progress: 48000/604614 service metrics migrated...
Progress: 48500/604614 service metrics migrated...
Progress: 49000/604614 service metrics migrated...
Progress: 49500/604614 service metrics migrated...
Progress: 50000/604614 service metrics migrated...
Progress: 50500/604614 service metrics migrated...
Progress: 51000/604614 service metrics migrated...
Progress: 51500/604614 service metrics migrated...
Progress: 52000/604614 service metrics migrated...
Progress: 52500/604614 service metrics migrated...
Progress: 53000/604614 service metrics migrated...
Progress: 53500/604614 service metrics migrated...
Progress: 54000/604614 service metrics migrated...
Progress: 54500/604614 service metrics migrated...
Progress: 55000/604614 service metrics migrated...
Progress: 55500/604614 service metrics migrated...
Progress: 56000/604614 service metrics migrated...
Progress: 56500/604614 service metrics migrated...
Progress: 57000/604614 service metrics migrated...
Progress: 57500/604614 service metrics migrated...
Progress: 58000/604614 service metrics migrated...
Progress: 58500/604614 service metrics migrated...
Progress: 59000/604614 service metrics migrated...
Progress: 59500/604614 service metrics migrated...
Progress: 60000/604614 service metrics migrated...
Progress: 60500/604614 service metrics migrated...
Progress: 61000/604614 service metrics migrated...
Progress: 61500/604614 service metrics migrated...
Progress: 62000/604614 service metrics migrated...
Progress: 62500/604614 service metrics migrated...
Progress: 63000/604614 service metrics migrated...
Progress: 63500/604614 service metrics migrated...
Progress: 64000/604614 service metrics migrated...
Progress: 64500/604614 service metrics migrated...
Progress: 65000/604614 service metrics migrated...
Progress: 65500/604614 service metrics migrated...
Progress: 66000/604614 service metrics migrated...
Progress: 66500/604614 service metrics migrated...
Progress: 67000/604614 service metrics migrated...
Progress: 67500/604614 service metrics migrated...
Progress: 68000/604614 service metrics migrated...
Progress: 68500/604614 service metrics migrated...
Progress: 69000/604614 service metrics migrated...
Progress: 69500/604614 service metrics migrated...
Progress: 70000/604614 service metrics migrated...
Progress: 70500/604614 service metrics migrated...
Progress: 71000/604614 service metrics migrated...
Progress: 71500/604614 service metrics migrated...
Progress: 72000/604614 service metrics migrated...
Progress: 72500/604614 service metrics migrated...
Progress: 73000/604614 service metrics migrated...
Progress: 73500/604614 service metrics migrated...
Progress: 74000/604614 service metrics migrated...
Progress: 74500/604614 service metrics migrated...
Progress: 75000/604614 service metrics migrated...
Progress: 75500/604614 service metrics migrated...
Progress: 76000/604614 service metrics migrated...
Progress: 76500/604614 service metrics migrated...
Progress: 77000/604614 service metrics migrated...
Progress: 77500/604614 service metrics migrated...
Progress: 78000/604614 service metrics migrated...
Progress: 78500/604614 service metrics migrated...
Progress: 79000/604614 service metrics migrated...
Progress: 79500/604614 service metrics migrated...
Progress: 80000/604614 service metrics migrated...
Progress: 80500/604614 service metrics migrated...
Progress: 81000/604614 service metrics migrated...
Progress: 81500/604614 service metrics migrated...
Progress: 82000/604614 service metrics migrated...
Progress: 82500/604614 service metrics migrated...
Progress: 83000/604614 service metrics migrated...
Progress: 83500/604614 service metrics migrated...
Progress: 84000/604614 service metrics migrated...
Progress: 84500/604614 service metrics migrated...
Progress: 85000/604614 service metrics migrated...
Progress: 85500/604614 service metrics migrated...
Progress: 86000/604614 service metrics migrated...
Progress: 86500/604614 service metrics migrated...
Progress: 87000/604614 service metrics migrated...
Progress: 87500/604614 service metrics migrated...
Progress: 88000/604614 service metrics migrated...
Progress: 88500/604614 service metrics migrated...
Progress: 89000/604614 service metrics migrated...
Progress: 89500/604614 service metrics migrated...
Progress: 90000/604614 service metrics migrated...
Progress: 90500/604614 service metrics migrated...
Progress: 91000/604614 service metrics migrated...
Progress: 91500/604614 service metrics migrated...
Progress: 92000/604614 service metrics migrated...
Progress: 92500/604614 service metrics migrated...
Progress: 93000/604614 service metrics migrated...
Progress: 93500/604614 service metrics migrated...
Progress: 94000/604614 service metrics migrated...
Progress: 94500/604614 service metrics migrated...
Progress: 95000/604614 service metrics migrated...
Progress: 95500/604614 service metrics migrated...
Progress: 96000/604614 service metrics migrated...
Progress: 96500/604614 service metrics migrated...
Progress: 97000/604614 service metrics migrated...
Progress: 97500/604614 service metrics migrated...
Progress: 98000/604614 service metrics migrated...
Progress: 98500/604614 service metrics migrated...
Progress: 99000/604614 service metrics migrated...
Progress: 99500/604614 service metrics migrated...
Progress: 100000/604614 service metrics migrated...
Progress: 100500/604614 service metrics migrated...
Progress: 101000/604614 service metrics migrated...
Progress: 101500/604614 service metrics migrated...
Progress: 102000/604614 service metrics migrated...
Progress: 102500/604614 service metrics migrated...
Progress: 103000/604614 service metrics migrated...
Progress: 103500/604614 service metrics migrated...
Progress: 104000/604614 service metrics migrated...
Progress: 104500/604614 service metrics migrated...
Progress: 105000/604614 service metrics migrated...
Progress: 105500/604614 service metrics migrated...
Progress: 106000/604614 service metrics migrated...
Progress: 106500/604614 service metrics migrated...
Progress: 107000/604614 service metrics migrated...
Progress: 107500/604614 service metrics migrated...
Progress: 108000/604614 service metrics migrated...
Progress: 108500/604614 service metrics migrated...
Progress: 109000/604614 service metrics migrated...
Progress: 109500/604614 service metrics migrated...
Progress: 110000/604614 service metrics migrated...
Progress: 110500/604614 service metrics migrated...
Progress: 111000/604614 service metrics migrated...
Progress: 111500/604614 service metrics migrated...
Progress: 112000/604614 service metrics migrated...
Progress: 112500/604614 service metrics migrated...
Progress: 113000/604614 service metrics migrated...
Progress: 113500/604614 service metrics migrated...
Progress: 114000/604614 service metrics migrated...
Progress: 114500/604614 service metrics migrated...
Progress: 115000/604614 service metrics migrated...
Progress: 115500/604614 service metrics migrated...
Progress: 116000/604614 service metrics migrated...
Progress: 116500/604614 service metrics migrated...
Progress: 117000/604614 service metrics migrated...
Progress: 117500/604614 service metrics migrated...
Progress: 118000/604614 service metrics migrated...
Progress: 118500/604614 service metrics migrated...
Progress: 119000/604614 service metrics migrated...
Progress: 119500/604614 service metrics migrated...
Progress: 120000/604614 service metrics migrated...
Progress: 120500/604614 service metrics migrated...
Progress: 121000/604614 service metrics migrated...
Progress: 121500/604614 service metrics migrated...
Progress: 122000/604614 service metrics migrated...
Progress: 122500/604614 service metrics migrated...
Progress: 123000/604614 service metrics migrated...
Progress: 123500/604614 service metrics migrated...
Progress: 124000/604614 service metrics migrated...
Progress: 124500/604614 service metrics migrated...
Progress: 125000/604614 service metrics migrated...
Progress: 125500/604614 service metrics migrated...
Progress: 126000/604614 service metrics migrated...
Progress: 126500/604614 service metrics migrated...
Progress: 127000/604614 service metrics migrated...
Progress: 127500/604614 service metrics migrated...
Progress: 128000/604614 service metrics migrated...
Progress: 128500/604614 service metrics migrated...
Progress: 129000/604614 service metrics migrated...
Progress: 129500/604614 service metrics migrated...
Progress: 130000/604614 service metrics migrated...
Progress: 130500/604614 service metrics migrated...
Progress: 131000/604614 service metrics migrated...
Progress: 131500/604614 service metrics migrated...
Progress: 132000/604614 service metrics migrated...
Progress: 132500/604614 service metrics migrated...
Progress: 133000/604614 service metrics migrated...
Progress: 133500/604614 service metrics migrated...
Progress: 134000/604614 service metrics migrated...
Progress: 134500/604614 service metrics migrated...
Progress: 135000/604614 service metrics migrated...
Progress: 135500/604614 service metrics migrated...
Progress: 136000/604614 service metrics migrated...
Progress: 136500/604614 service metrics migrated...
Progress: 137000/604614 service metrics migrated...
Progress: 137500/604614 service metrics migrated...
Progress: 138000/604614 service metrics migrated...
Progress: 138500/604614 service metrics migrated...
Progress: 139000/604614 service metrics migrated...
Progress: 139500/604614 service metrics migrated...
Progress: 140000/604614 service metrics migrated...
Progress: 140500/604614 service metrics migrated...
Progress: 141000/604614 service metrics migrated...
Progress: 141500/604614 service metrics migrated...
Progress: 142000/604614 service metrics migrated...
Progress: 142500/604614 service metrics migrated...
Progress: 143000/604614 service metrics migrated...
Progress: 143500/604614 service metrics migrated...
Progress: 144000/604614 service metrics migrated...
Progress: 144500/604614 service metrics migrated...
Progress: 145000/604614 service metrics migrated...
Progress: 145500/604614 service metrics migrated...
Progress: 146000/604614 service metrics migrated...
Progress: 146500/604614 service metrics migrated...
Progress: 147000/604614 service metrics migrated...
Progress: 147500/604614 service metrics migrated...
Progress: 148000/604614 service metrics migrated...
Progress: 148500/604614 service metrics migrated...
Progress: 149000/604614 service metrics migrated...
Progress: 149500/604614 service metrics migrated...
Progress: 150000/604614 service metrics migrated...
Progress: 150500/604614 service metrics migrated...
Progress: 151000/604614 service metrics migrated...
Progress: 151500/604614 service metrics migrated...
Progress: 152000/604614 service metrics migrated...
Progress: 152500/604614 service metrics migrated...
Progress: 153000/604614 service metrics migrated...
Progress: 153500/604614 service metrics migrated...
Progress: 154000/604614 service metrics migrated...
Progress: 154500/604614 service metrics migrated...
Progress: 155000/604614 service metrics migrated...
Progress: 155500/604614 service metrics migrated...
Progress: 156000/604614 service metrics migrated...
Progress: 156500/604614 service metrics migrated...
Progress: 157000/604614 service metrics migrated...
Progress: 157500/604614 service metrics migrated...
Progress: 158000/604614 service metrics migrated...
Progress: 158500/604614 service metrics migrated...
Progress: 159000/604614 service metrics migrated...
Progress: 159500/604614 service metrics migrated...
Progress: 160000/604614 service metrics migrated...
Progress: 160500/604614 service metrics migrated...
Progress: 161000/604614 service metrics migrated...
Progress: 161500/604614 service metrics migrated...
Progress: 162000/604614 service metrics migrated...
Progress: 162500/604614 service metrics migrated...
Progress: 163000/604614 service metrics migrated...
Progress: 163500/604614 service metrics migrated...
Progress: 164000/604614 service metrics migrated...
Progress: 164500/604614 service metrics migrated...
Progress: 165000/604614 service metrics migrated...
Progress: 165500/604614 service metrics migrated...
Progress: 166000/604614 service metrics migrated...
Progress: 166500/604614 service metrics migrated...
Progress: 167000/604614 service metrics migrated...
Progress: 167500/604614 service metrics migrated...
Progress: 168000/604614 service metrics migrated...
Progress: 168500/604614 service metrics migrated...
Progress: 169000/604614 service metrics migrated...
Progress: 169500/604614 service metrics migrated...
Progress: 170000/604614 service metrics migrated...
Progress: 170500/604614 service metrics migrated...
Progress: 171000/604614 service metrics migrated...
Progress: 171500/604614 service metrics migrated...
Progress: 172000/604614 service metrics migrated...
Progress: 172500/604614 service metrics migrated...
Progress: 173000/604614 service metrics migrated...
Progress: 173500/604614 service metrics migrated...
Progress: 174000/604614 service metrics migrated...
Progress: 174500/604614 service metrics migrated...
Progress: 175000/604614 service metrics migrated...
Progress: 175500/604614 service metrics migrated...
Progress: 176000/604614 service metrics migrated...
Progress: 176500/604614 service metrics migrated...
Progress: 177000/604614 service metrics migrated...
Progress: 177500/604614 service metrics migrated...
Progress: 178000/604614 service metrics migrated...
Progress: 178500/604614 service metrics migrated...
Progress: 179000/604614 service metrics migrated...
Progress: 179500/604614 service metrics migrated...
Progress: 180000/604614 service metrics migrated...
Progress: 180500/604614 service metrics migrated...
Progress: 181000/604614 service metrics migrated...
Progress: 181500/604614 service metrics migrated...
Progress: 182000/604614 service metrics migrated...
Progress: 182500/604614 service metrics migrated...
Progress: 183000/604614 service metrics migrated...
Progress: 183500/604614 service metrics migrated...
Progress: 184000/604614 service metrics migrated...
Progress: 184500/604614 service metrics migrated...
Progress: 185000/604614 service metrics migrated...
Progress: 185500/604614 service metrics migrated...
Progress: 186000/604614 service metrics migrated...
Progress: 186500/604614 service metrics migrated...
Progress: 187000/604614 service metrics migrated...
Progress: 187500/604614 service metrics migrated...
Progress: 188000/604614 service metrics migrated...
Progress: 188500/604614 service metrics migrated...
Progress: 189000/604614 service metrics migrated...
Progress: 189500/604614 service metrics migrated...
Progress: 190000/604614 service metrics migrated...
Progress: 190500/604614 service metrics migrated...
Progress: 191000/604614 service metrics migrated...
Progress: 191500/604614 service metrics migrated...
Progress: 192000/604614 service metrics migrated...
Progress: 192500/604614 service metrics migrated...
Progress: 193000/604614 service metrics migrated...
Progress: 193500/604614 service metrics migrated...
Progress: 194000/604614 service metrics migrated...
Progress: 194500/604614 service metrics migrated...
Progress: 195000/604614 service metrics migrated...
Progress: 195500/604614 service metrics migrated...
Progress: 196000/604614 service metrics migrated...
Progress: 196500/604614 service metrics migrated...
Progress: 197000/604614 service metrics migrated...
Progress: 197500/604614 service metrics migrated...
Progress: 198000/604614 service metrics migrated...
Progress: 198500/604614 service metrics migrated...
Progress: 199000/604614 service metrics migrated...
Progress: 199500/604614 service metrics migrated...
Progress: 200000/604614 service metrics migrated...
Progress: 200500/604614 service metrics migrated...
Progress: 201000/604614 service metrics migrated...
Progress: 201500/604614 service metrics migrated...
Progress: 202000/604614 service metrics migrated...
Progress: 202500/604614 service metrics migrated...
Progress: 203000/604614 service metrics migrated...
Progress: 203500/604614 service metrics migrated...
Progress: 204000/604614 service metrics migrated...
Progress: 204500/604614 service metrics migrated...
Progress: 205000/604614 service metrics migrated...
Progress: 205500/604614 service metrics migrated...
Progress: 206000/604614 service metrics migrated...
Progress: 206500/604614 service metrics migrated...
Progress: 207000/604614 service metrics migrated...
Progress: 207500/604614 service metrics migrated...
Progress: 208000/604614 service metrics migrated...
Progress: 208500/604614 service metrics migrated...
Progress: 209000/604614 service metrics migrated...
Progress: 209500/604614 service metrics migrated...
Progress: 210000/604614 service metrics migrated...
Progress: 210500/604614 service metrics migrated...
Progress: 211000/604614 service metrics migrated...
Progress: 211500/604614 service metrics migrated...
Progress: 212000/604614 service metrics migrated...
Progress: 212500/604614 service metrics migrated...
Progress: 213000/604614 service metrics migrated...
Progress: 213500/604614 service metrics migrated...
Progress: 214000/604614 service metrics migrated...
Progress: 214500/604614 service metrics migrated...
Progress: 215000/604614 service metrics migrated...
Progress: 215500/604614 service metrics migrated...
Progress: 216000/604614 service metrics migrated...
Progress: 216500/604614 service metrics migrated...
Progress: 217000/604614 service metrics migrated...
Progress: 217500/604614 service metrics migrated...
Progress: 218000/604614 service metrics migrated...
Progress: 218500/604614 service metrics migrated...
Progress: 219000/604614 service metrics migrated...
Progress: 219500/604614 service metrics migrated...
Progress: 220000/604614 service metrics migrated...
Progress: 220500/604614 service metrics migrated...
Progress: 221000/604614 service metrics migrated...
Progress: 221500/604614 service metrics migrated...
Progress: 222000/604614 service metrics migrated...
Progress: 222500/604614 service metrics migrated...
Progress: 223000/604614 service metrics migrated...
Progress: 223500/604614 service metrics migrated...
Progress: 224000/604614 service metrics migrated...
Progress: 224500/604614 service metrics migrated...
Progress: 225000/604614 service metrics migrated...
Progress: 225500/604614 service metrics migrated...
Progress: 226000/604614 service metrics migrated...
Progress: 226500/604614 service metrics migrated...
Progress: 227000/604614 service metrics migrated...
Progress: 227500/604614 service metrics migrated...
Progress: 228000/604614 service metrics migrated...
Progress: 228500/604614 service metrics migrated...
Progress: 229000/604614 service metrics migrated...
Progress: 229500/604614 service metrics migrated...
Progress: 230000/604614 service metrics migrated...
Progress: 230500/604614 service metrics migrated...
Progress: 231000/604614 service metrics migrated...
Progress: 231500/604614 service metrics migrated...
Progress: 232000/604614 service metrics migrated...
Progress: 232500/604614 service metrics migrated...
Progress: 233000/604614 service metrics migrated...
Progress: 233500/604614 service metrics migrated...
Progress: 234000/604614 service metrics migrated...
Progress: 234500/604614 service metrics migrated...
Progress: 235000/604614 service metrics migrated...
Progress: 235500/604614 service metrics migrated...
Progress: 236000/604614 service metrics migrated...
Progress: 236500/604614 service metrics migrated...
Progress: 237000/604614 service metrics migrated...
Progress: 237500/604614 service metrics migrated...
Progress: 238000/604614 service metrics migrated...
Progress: 238500/604614 service metrics migrated...
Progress: 239000/604614 service metrics migrated...
Progress: 239500/604614 service metrics migrated...
Progress: 240000/604614 service metrics migrated...
Progress: 240500/604614 service metrics migrated...
Progress: 241000/604614 service metrics migrated...
Progress: 241500/604614 service metrics migrated...
Progress: 242000/604614 service metrics migrated...
Progress: 242500/604614 service metrics migrated...
Progress: 243000/604614 service metrics migrated...
Progress: 243500/604614 service metrics migrated...
Progress: 244000/604614 service metrics migrated...
Progress: 244500/604614 service metrics migrated...
Progress: 245000/604614 service metrics migrated...
Progress: 245500/604614 service metrics migrated...
Progress: 246000/604614 service metrics migrated...
Progress: 246500/604614 service metrics migrated...
Progress: 247000/604614 service metrics migrated...
Progress: 247500/604614 service metrics migrated...
Progress: 248000/604614 service metrics migrated...
Progress: 248500/604614 service metrics migrated...
Progress: 249000/604614 service metrics migrated...
Progress: 249500/604614 service metrics migrated...
Progress: 250000/604614 service metrics migrated...
Progress: 250500/604614 service metrics migrated...
Progress: 251000/604614 service metrics migrated...
Progress: 251500/604614 service metrics migrated...
Progress: 252000/604614 service metrics migrated...
Progress: 252500/604614 service metrics migrated...
Progress: 253000/604614 service metrics migrated...
Progress: 253500/604614 service metrics migrated...
Progress: 254000/604614 service metrics migrated...
Progress: 254500/604614 service metrics migrated...
Progress: 255000/604614 service metrics migrated...
Progress: 255500/604614 service metrics migrated...
Progress: 256000/604614 service metrics migrated...
Progress: 256500/604614 service metrics migrated...
Progress: 257000/604614 service metrics migrated...
Progress: 257500/604614 service metrics migrated...
Progress: 258000/604614 service metrics migrated...
Progress: 258500/604614 service metrics migrated...
Progress: 259000/604614 service metrics migrated...
Progress: 259500/604614 service metrics migrated...
Progress: 260000/604614 service metrics migrated...
Progress: 260500/604614 service metrics migrated...
Progress: 261000/604614 service metrics migrated...
Progress: 261500/604614 service metrics migrated...
Progress: 262000/604614 service metrics migrated...
Progress: 262500/604614 service metrics migrated...
Progress: 263000/604614 service metrics migrated...
Progress: 263500/604614 service metrics migrated...
Progress: 264000/604614 service metrics migrated...
Progress: 264500/604614 service metrics migrated...
Progress: 265000/604614 service metrics migrated...
Progress: 265500/604614 service metrics migrated...
Progress: 266000/604614 service metrics migrated...
Progress: 266500/604614 service metrics migrated...
Progress: 267000/604614 service metrics migrated...
Progress: 267500/604614 service metrics migrated...
Progress: 268000/604614 service metrics migrated...
Progress: 268500/604614 service metrics migrated...
Progress: 269000/604614 service metrics migrated...
Progress: 269500/604614 service metrics migrated...
Progress: 270000/604614 service metrics migrated...
Progress: 270500/604614 service metrics migrated...
Progress: 271000/604614 service metrics migrated...
Progress: 271500/604614 service metrics migrated...
Progress: 272000/604614 service metrics migrated...
Progress: 272500/604614 service metrics migrated...
Progress: 273000/604614 service metrics migrated...
Progress: 273500/604614 service metrics migrated...
Progress: 274000/604614 service metrics migrated...
Progress: 274500/604614 service metrics migrated...
Progress: 275000/604614 service metrics migrated...
Progress: 275500/604614 service metrics migrated...
Progress: 276000/604614 service metrics migrated...
Progress: 276500/604614 service metrics migrated...
Progress: 277000/604614 service metrics migrated...
Progress: 277500/604614 service metrics migrated...
Progress: 278000/604614 service metrics migrated...
Progress: 278500/604614 service metrics migrated...
Progress: 279000/604614 service metrics migrated...
Progress: 279500/604614 service metrics migrated...
Progress: 280000/604614 service metrics migrated...
Progress: 280500/604614 service metrics migrated...
Progress: 281000/604614 service metrics migrated...
Progress: 281500/604614 service metrics migrated...
Progress: 282000/604614 service metrics migrated...
Progress: 282500/604614 service metrics migrated...
Progress: 283000/604614 service metrics migrated...
Progress: 283500/604614 service metrics migrated...
Progress: 284000/604614 service metrics migrated...
Progress: 284500/604614 service metrics migrated...
Progress: 285000/604614 service metrics migrated...
Progress: 285500/604614 service metrics migrated...
Progress: 286000/604614 service metrics migrated...
Progress: 286500/604614 service metrics migrated...
Progress: 287000/604614 service metrics migrated...
Progress: 287500/604614 service metrics migrated...
Progress: 288000/604614 service metrics migrated...
Progress: 288500/604614 service metrics migrated...
Progress: 289000/604614 service metrics migrated...
Progress: 289500/604614 service metrics migrated...
Progress: 290000/604614 service metrics migrated...
Progress: 290500/604614 service metrics migrated...
Progress: 291000/604614 service metrics migrated...
Progress: 291500/604614 service metrics migrated...
Progress: 292000/604614 service metrics migrated...
Progress: 292500/604614 service metrics migrated...
Progress: 293000/604614 service metrics migrated...
Progress: 293500/604614 service metrics migrated...
Progress: 294000/604614 service metrics migrated...
Progress: 294500/604614 service metrics migrated...
Progress: 295000/604614 service metrics migrated...
Progress: 295500/604614 service metrics migrated...
Progress: 296000/604614 service metrics migrated...
Progress: 296500/604614 service metrics migrated...
Progress: 297000/604614 service metrics migrated...
Progress: 297500/604614 service metrics migrated...
Progress: 298000/604614 service metrics migrated...
Progress: 298500/604614 service metrics migrated...
Progress: 299000/604614 service metrics migrated...
Progress: 299500/604614 service metrics migrated...
Progress: 300000/604614 service metrics migrated...
Progress: 300500/604614 service metrics migrated...
Progress: 301000/604614 service metrics migrated...
Progress: 301500/604614 service metrics migrated...
Progress: 302000/604614 service metrics migrated...
Progress: 302500/604614 service metrics migrated...
Progress: 303000/604614 service metrics migrated...
Progress: 303500/604614 service metrics migrated...
Progress: 304000/604614 service metrics migrated...
Progress: 304500/604614 service metrics migrated...
Progress: 305000/604614 service metrics migrated...
Progress: 305500/604614 service metrics migrated...
Progress: 306000/604614 service metrics migrated...
Progress: 306500/604614 service metrics migrated...
Progress: 307000/604614 service metrics migrated...
Progress: 307500/604614 service metrics migrated...
Progress: 308000/604614 service metrics migrated...
Progress: 308500/604614 service metrics migrated...
Progress: 309000/604614 service metrics migrated...
Progress: 309500/604614 service metrics migrated...
Progress: 310000/604614 service metrics migrated...
Progress: 310500/604614 service metrics migrated...
Progress: 311000/604614 service metrics migrated...
Progress: 311500/604614 service metrics migrated...
Progress: 312000/604614 service metrics migrated...
Progress: 312500/604614 service metrics migrated...
Progress: 313000/604614 service metrics migrated...
Progress: 313500/604614 service metrics migrated...
Progress: 314000/604614 service metrics migrated...
Progress: 314500/604614 service metrics migrated...
Progress: 315000/604614 service metrics migrated...
Progress: 315500/604614 service metrics migrated...
Progress: 316000/604614 service metrics migrated...
Progress: 316500/604614 service metrics migrated...
Progress: 317000/604614 service metrics migrated...
Progress: 317500/604614 service metrics migrated...
Progress: 318000/604614 service metrics migrated...
Progress: 318500/604614 service metrics migrated...
Progress: 319000/604614 service metrics migrated...
Progress: 319500/604614 service metrics migrated...
Progress: 320000/604614 service metrics migrated...
Progress: 320500/604614 service metrics migrated...
Progress: 321000/604614 service metrics migrated...
Progress: 321500/604614 service metrics migrated...
Progress: 322000/604614 service metrics migrated...
Progress: 322500/604614 service metrics migrated...
Progress: 323000/604614 service metrics migrated...
Progress: 323500/604614 service metrics migrated...
Progress: 324000/604614 service metrics migrated...
Progress: 324500/604614 service metrics migrated...
Progress: 325000/604614 service metrics migrated...
Progress: 325500/604614 service metrics migrated...
Progress: 326000/604614 service metrics migrated...
Progress: 326500/604614 service metrics migrated...
Progress: 327000/604614 service metrics migrated...
Progress: 327500/604614 service metrics migrated...
Progress: 328000/604614 service metrics migrated...
Progress: 328500/604614 service metrics migrated...
Progress: 329000/604614 service metrics migrated...
Progress: 329500/604614 service metrics migrated...
Progress: 330000/604614 service metrics migrated...
Progress: 330500/604614 service metrics migrated...
Progress: 331000/604614 service metrics migrated...
Progress: 331500/604614 service metrics migrated...
Progress: 332000/604614 service metrics migrated...
Progress: 332500/604614 service metrics migrated...
Progress: 333000/604614 service metrics migrated...
Progress: 333500/604614 service metrics migrated...
Progress: 334000/604614 service metrics migrated...
Progress: 334500/604614 service metrics migrated...
Progress: 335000/604614 service metrics migrated...
Progress: 335500/604614 service metrics migrated...
Progress: 336000/604614 service metrics migrated...
Progress: 336500/604614 service metrics migrated...
Progress: 337000/604614 service metrics migrated...
Progress: 337500/604614 service metrics migrated...
Progress: 338000/604614 service metrics migrated...
Progress: 338500/604614 service metrics migrated...
Progress: 339000/604614 service metrics migrated...
Progress: 339500/604614 service metrics migrated...
Progress: 340000/604614 service metrics migrated...
Progress: 340500/604614 service metrics migrated...
Progress: 341000/604614 service metrics migrated...
Progress: 341500/604614 service metrics migrated...
Progress: 342000/604614 service metrics migrated...
Progress: 342500/604614 service metrics migrated...
Progress: 343000/604614 service metrics migrated...
Progress: 343500/604614 service metrics migrated...
Progress: 344000/604614 service metrics migrated...
Progress: 344500/604614 service metrics migrated...
Progress: 345000/604614 service metrics migrated...
Progress: 345500/604614 service metrics migrated...
Progress: 346000/604614 service metrics migrated...
Progress: 346500/604614 service metrics migrated...
Progress: 347000/604614 service metrics migrated...
Progress: 347500/604614 service metrics migrated...
Progress: 348000/604614 service metrics migrated...
Progress: 348500/604614 service metrics migrated...
Progress: 349000/604614 service metrics migrated...
Progress: 349500/604614 service metrics migrated...
Progress: 350000/604614 service metrics migrated...
Progress: 350500/604614 service metrics migrated...
Progress: 351000/604614 service metrics migrated...
Progress: 351500/604614 service metrics migrated...
Progress: 352000/604614 service metrics migrated...
Progress: 352500/604614 service metrics migrated...
Progress: 353000/604614 service metrics migrated...
Progress: 353500/604614 service metrics migrated...
Progress: 354000/604614 service metrics migrated...
Progress: 354500/604614 service metrics migrated...
Progress: 355000/604614 service metrics migrated...
Progress: 355500/604614 service metrics migrated...
Progress: 356000/604614 service metrics migrated...
Progress: 356500/604614 service metrics migrated...
Progress: 357000/604614 service metrics migrated...
Progress: 357500/604614 service metrics migrated...
Progress: 358000/604614 service metrics migrated...
Progress: 358500/604614 service metrics migrated...
Progress: 359000/604614 service metrics migrated...
Progress: 359500/604614 service metrics migrated...
Progress: 360000/604614 service metrics migrated...
Progress: 360500/604614 service metrics migrated...
Progress: 361000/604614 service metrics migrated...
Progress: 361500/604614 service metrics migrated...
Progress: 362000/604614 service metrics migrated...
Progress: 362500/604614 service metrics migrated...
Progress: 363000/604614 service metrics migrated...
Progress: 363500/604614 service metrics migrated...
Progress: 364000/604614 service metrics migrated...
Progress: 364500/604614 service metrics migrated...
Progress: 365000/604614 service metrics migrated...
Progress: 365500/604614 service metrics migrated...
Progress: 366000/604614 service metrics migrated...
Progress: 366500/604614 service metrics migrated...
Progress: 367000/604614 service metrics migrated...
Progress: 367500/604614 service metrics migrated...
Progress: 368000/604614 service metrics migrated...
Progress: 368500/604614 service metrics migrated...
Progress: 369000/604614 service metrics migrated...
Progress: 369500/604614 service metrics migrated...
Progress: 370000/604614 service metrics migrated...
Progress: 370500/604614 service metrics migrated...
Progress: 371000/604614 service metrics migrated...
Progress: 371500/604614 service metrics migrated...
Progress: 372000/604614 service metrics migrated...
Progress: 372500/604614 service metrics migrated...
Progress: 373000/604614 service metrics migrated...
Progress: 373500/604614 service metrics migrated...
Progress: 374000/604614 service metrics migrated...
Progress: 374500/604614 service metrics migrated...
Progress: 375000/604614 service metrics migrated...
Progress: 375500/604614 service metrics migrated...
Progress: 376000/604614 service metrics migrated...
Progress: 376500/604614 service metrics migrated...
Progress: 377000/604614 service metrics migrated...
Progress: 377500/604614 service metrics migrated...
Progress: 378000/604614 service metrics migrated...
Progress: 378500/604614 service metrics migrated...
Progress: 379000/604614 service metrics migrated...
Progress: 379500/604614 service metrics migrated...
Progress: 380000/604614 service metrics migrated...
Progress: 380500/604614 service metrics migrated...
Progress: 381000/604614 service metrics migrated...
Progress: 381500/604614 service metrics migrated...
Progress: 382000/604614 service metrics migrated...
Progress: 382500/604614 service metrics migrated...
Progress: 383000/604614 service metrics migrated...
Progress: 383500/604614 service metrics migrated...
Progress: 384000/604614 service metrics migrated...
Progress: 384500/604614 service metrics migrated...
Progress: 385000/604614 service metrics migrated...
Progress: 385500/604614 service metrics migrated...
Progress: 386000/604614 service metrics migrated...
Progress: 386500/604614 service metrics migrated...
Progress: 387000/604614 service metrics migrated...
Progress: 387500/604614 service metrics migrated...
Progress: 388000/604614 service metrics migrated...
Progress: 388500/604614 service metrics migrated...
Progress: 389000/604614 service metrics migrated...
Progress: 389500/604614 service metrics migrated...
Progress: 390000/604614 service metrics migrated...
Progress: 390500/604614 service metrics migrated...
Progress: 391000/604614 service metrics migrated...
Progress: 391500/604614 service metrics migrated...
Progress: 392000/604614 service metrics migrated...
Progress: 392500/604614 service metrics migrated...
Progress: 393000/604614 service metrics migrated...
Progress: 393500/604614 service metrics migrated...
Progress: 394000/604614 service metrics migrated...
Progress: 394500/604614 service metrics migrated...
Progress: 395000/604614 service metrics migrated...
Progress: 395500/604614 service metrics migrated...
Progress: 396000/604614 service metrics migrated...
Progress: 396500/604614 service metrics migrated...
Progress: 397000/604614 service metrics migrated...
Progress: 397500/604614 service metrics migrated...
Progress: 398000/604614 service metrics migrated...
Progress: 398500/604614 service metrics migrated...
Progress: 399000/604614 service metrics migrated...
Progress: 399500/604614 service metrics migrated...
Progress: 400000/604614 service metrics migrated...
Progress: 400500/604614 service metrics migrated...
Progress: 401000/604614 service metrics migrated...
Progress: 401500/604614 service metrics migrated...
Progress: 402000/604614 service metrics migrated...
Progress: 402500/604614 service metrics migrated...
Progress: 403000/604614 service metrics migrated...
Progress: 403500/604614 service metrics migrated...
Progress: 404000/604614 service metrics migrated...
Progress: 404500/604614 service metrics migrated...
Progress: 405000/604614 service metrics migrated...
Progress: 405500/604614 service metrics migrated...
Progress: 406000/604614 service metrics migrated...
Progress: 406500/604614 service metrics migrated...
Progress: 407000/604614 service metrics migrated...
Progress: 407500/604614 service metrics migrated...
Progress: 408000/604614 service metrics migrated...
Progress: 408500/604614 service metrics migrated...
Progress: 409000/604614 service metrics migrated...
Progress: 409500/604614 service metrics migrated...
Progress: 410000/604614 service metrics migrated...
Progress: 410500/604614 service metrics migrated...
Progress: 411000/604614 service metrics migrated...
Progress: 411500/604614 service metrics migrated...
Progress: 412000/604614 service metrics migrated...
Progress: 412500/604614 service metrics migrated...
Progress: 413000/604614 service metrics migrated...
Progress: 413500/604614 service metrics migrated...
Progress: 414000/604614 service metrics migrated...
Progress: 414500/604614 service metrics migrated...
Progress: 415000/604614 service metrics migrated...
Progress: 415500/604614 service metrics migrated...
Progress: 416000/604614 service metrics migrated...
Progress: 416500/604614 service metrics migrated...
Progress: 417000/604614 service metrics migrated...
Progress: 417500/604614 service metrics migrated...
Progress: 418000/604614 service metrics migrated...
Progress: 418500/604614 service metrics migrated...
Progress: 419000/604614 service metrics migrated...
Progress: 419500/604614 service metrics migrated...
Progress: 420000/604614 service metrics migrated...
Progress: 420500/604614 service metrics migrated...
Progress: 421000/604614 service metrics migrated...
Progress: 421500/604614 service metrics migrated...
Progress: 422000/604614 service metrics migrated...
Progress: 422500/604614 service metrics migrated...
Progress: 423000/604614 service metrics migrated...
Progress: 423500/604614 service metrics migrated...
Progress: 424000/604614 service metrics migrated...
Progress: 424500/604614 service metrics migrated...
Progress: 425000/604614 service metrics migrated...
Progress: 425500/604614 service metrics migrated...
Progress: 426000/604614 service metrics migrated...
Progress: 426500/604614 service metrics migrated...
Progress: 427000/604614 service metrics migrated...
Progress: 427500/604614 service metrics migrated...
Progress: 428000/604614 service metrics migrated...
Progress: 428500/604614 service metrics migrated...
Progress: 429000/604614 service metrics migrated...
Progress: 429500/604614 service metrics migrated...
Progress: 430000/604614 service metrics migrated...
Progress: 430500/604614 service metrics migrated...
Progress: 431000/604614 service metrics migrated...
Progress: 431500/604614 service metrics migrated...
Progress: 432000/604614 service metrics migrated...
Progress: 432500/604614 service metrics migrated...
Progress: 433000/604614 service metrics migrated...
Progress: 433500/604614 service metrics migrated...
Progress: 434000/604614 service metrics migrated...
Progress: 434500/604614 service metrics migrated...
Progress: 435000/604614 service metrics migrated...
Progress: 435500/604614 service metrics migrated...
Progress: 436000/604614 service metrics migrated...
Progress: 436500/604614 service metrics migrated...
Progress: 437000/604614 service metrics migrated...
Progress: 437500/604614 service metrics migrated...
Progress: 438000/604614 service metrics migrated...
Progress: 438500/604614 service metrics migrated...
Progress: 439000/604614 service metrics migrated...
Progress: 439500/604614 service metrics migrated...
Progress: 440000/604614 service metrics migrated...
Progress: 440500/604614 service metrics migrated...
Progress: 441000/604614 service metrics migrated...
Progress: 441500/604614 service metrics migrated...
Progress: 442000/604614 service metrics migrated...
Progress: 442500/604614 service metrics migrated...
Progress: 443000/604614 service metrics migrated...
Progress: 443500/604614 service metrics migrated...
Progress: 444000/604614 service metrics migrated...
Progress: 444500/604614 service metrics migrated...
Progress: 445000/604614 service metrics migrated...
Progress: 445500/604614 service metrics migrated...
Progress: 446000/604614 service metrics migrated...
Progress: 446500/604614 service metrics migrated...
Progress: 447000/604614 service metrics migrated...
Progress: 447500/604614 service metrics migrated...
Progress: 448000/604614 service metrics migrated...
Progress: 448500/604614 service metrics migrated...
Progress: 449000/604614 service metrics migrated...
Progress: 449500/604614 service metrics migrated...
Progress: 450000/604614 service metrics migrated...
Progress: 450500/604614 service metrics migrated...
Progress: 451000/604614 service metrics migrated...
Progress: 451500/604614 service metrics migrated...
Progress: 452000/604614 service metrics migrated...
Progress: 452500/604614 service metrics migrated...
Progress: 453000/604614 service metrics migrated...
Progress: 453500/604614 service metrics migrated...
Progress: 454000/604614 service metrics migrated...
Progress: 454500/604614 service metrics migrated...
Progress: 455000/604614 service metrics migrated...
Progress: 455500/604614 service metrics migrated...
Progress: 456000/604614 service metrics migrated...
Progress: 456500/604614 service metrics migrated...
Progress: 457000/604614 service metrics migrated...
Progress: 457500/604614 service metrics migrated...
Progress: 458000/604614 service metrics migrated...
Progress: 458500/604614 service metrics migrated...
Progress: 459000/604614 service metrics migrated...
Progress: 459500/604614 service metrics migrated...
Progress: 460000/604614 service metrics migrated...
Progress: 460500/604614 service metrics migrated...
Progress: 461000/604614 service metrics migrated...
Progress: 461500/604614 service metrics migrated...
Progress: 462000/604614 service metrics migrated...
Progress: 462500/604614 service metrics migrated...
Progress: 463000/604614 service metrics migrated...
Progress: 463500/604614 service metrics migrated...
Progress: 464000/604614 service metrics migrated...
Progress: 464500/604614 service metrics migrated...
Progress: 465000/604614 service metrics migrated...
Progress: 465500/604614 service metrics migrated...
Progress: 466000/604614 service metrics migrated...
Progress: 466500/604614 service metrics migrated...
Progress: 467000/604614 service metrics migrated...
Progress: 467500/604614 service metrics migrated...
Progress: 468000/604614 service metrics migrated...
Progress: 468500/604614 service metrics migrated...
Progress: 469000/604614 service metrics migrated...
Progress: 469500/604614 service metrics migrated...
Progress: 470000/604614 service metrics migrated...
Progress: 470500/604614 service metrics migrated...
Progress: 471000/604614 service metrics migrated...
Progress: 471500/604614 service metrics migrated...
Progress: 472000/604614 service metrics migrated...
Progress: 472500/604614 service metrics migrated...
Progress: 473000/604614 service metrics migrated...
Progress: 473500/604614 service metrics migrated...
Progress: 474000/604614 service metrics migrated...
Progress: 474500/604614 service metrics migrated...
Progress: 475000/604614 service metrics migrated...
Progress: 475500/604614 service metrics migrated...
Progress: 476000/604614 service metrics migrated...
Progress: 476500/604614 service metrics migrated...
Progress: 477000/604614 service metrics migrated...
Progress: 477500/604614 service metrics migrated...
Progress: 478000/604614 service metrics migrated...
Progress: 478500/604614 service metrics migrated...
Progress: 479000/604614 service metrics migrated...
Progress: 479500/604614 service metrics migrated...
Progress: 480000/604614 service metrics migrated...
Progress: 480500/604614 service metrics migrated...
Progress: 481000/604614 service metrics migrated...
Progress: 481500/604614 service metrics migrated...
Progress: 482000/604614 service metrics migrated...
Progress: 482500/604614 service metrics migrated...
Progress: 483000/604614 service metrics migrated...
Progress: 483500/604614 service metrics migrated...
Progress: 484000/604614 service metrics migrated...
Progress: 484500/604614 service metrics migrated...
Progress: 485000/604614 service metrics migrated...
Progress: 485500/604614 service metrics migrated...
Progress: 486000/604614 service metrics migrated...
Progress: 486500/604614 service metrics migrated...
Progress: 487000/604614 service metrics migrated...
Progress: 487500/604614 service metrics migrated...
Progress: 488000/604614 service metrics migrated...
Progress: 488500/604614 service metrics migrated...
Progress: 489000/604614 service metrics migrated...
Progress: 489500/604614 service metrics migrated...
Progress: 490000/604614 service metrics migrated...
Progress: 490500/604614 service metrics migrated...
Progress: 491000/604614 service metrics migrated...
Progress: 491500/604614 service metrics migrated...
Progress: 492000/604614 service metrics migrated...
Progress: 492500/604614 service metrics migrated...
Progress: 493000/604614 service metrics migrated...
Progress: 493500/604614 service metrics migrated...
Progress: 494000/604614 service metrics migrated...
Progress: 494500/604614 service metrics migrated...
Progress: 495000/604614 service metrics migrated...
Progress: 495500/604614 service metrics migrated...
Progress: 496000/604614 service metrics migrated...
Progress: 496500/604614 service metrics migrated...
Progress: 497000/604614 service metrics migrated...
Progress: 497500/604614 service metrics migrated...
Progress: 498000/604614 service metrics migrated...
Progress: 498500/604614 service metrics migrated...
Progress: 499000/604614 service metrics migrated...
Progress: 499500/604614 service metrics migrated...
Progress: 500000/604614 service metrics migrated...
Progress: 500500/604614 service metrics migrated...
Progress: 501000/604614 service metrics migrated...
Progress: 501500/604614 service metrics migrated...
Progress: 502000/604614 service metrics migrated...
Progress: 502500/604614 service metrics migrated...
Progress: 503000/604614 service metrics migrated...
Progress: 503500/604614 service metrics migrated...
Progress: 504000/604614 service metrics migrated...
Progress: 504500/604614 service metrics migrated...
Progress: 505000/604614 service metrics migrated...
Progress: 505500/604614 service metrics migrated...
Progress: 506000/604614 service metrics migrated...
Progress: 506500/604614 service metrics migrated...
Progress: 507000/604614 service metrics migrated...
Progress: 507500/604614 service metrics migrated...
Progress: 508000/604614 service metrics migrated...
Progress: 508500/604614 service metrics migrated...
Progress: 509000/604614 service metrics migrated...
Progress: 509500/604614 service metrics migrated...
Progress: 510000/604614 service metrics migrated...
Progress: 510500/604614 service metrics migrated...
Progress: 511000/604614 service metrics migrated...
Progress: 511500/604614 service metrics migrated...
Progress: 512000/604614 service metrics migrated...
Progress: 512500/604614 service metrics migrated...
Progress: 513000/604614 service metrics migrated...
Progress: 513500/604614 service metrics migrated...
Progress: 514000/604614 service metrics migrated...
Progress: 514500/604614 service metrics migrated...
Progress: 515000/604614 service metrics migrated...
Progress: 515500/604614 service metrics migrated...
Progress: 516000/604614 service metrics migrated...
Progress: 516500/604614 service metrics migrated...
Progress: 517000/604614 service metrics migrated...
Progress: 517500/604614 service metrics migrated...
Progress: 518000/604614 service metrics migrated...
Progress: 518500/604614 service metrics migrated...
Progress: 519000/604614 service metrics migrated...
Progress: 519500/604614 service metrics migrated...
Progress: 520000/604614 service metrics migrated...
Progress: 520500/604614 service metrics migrated...
Progress: 521000/604614 service metrics migrated...
Progress: 521500/604614 service metrics migrated...
Progress: 522000/604614 service metrics migrated...
Progress: 522500/604614 service metrics migrated...
Progress: 523000/604614 service metrics migrated...
Progress: 523500/604614 service metrics migrated...
Progress: 524000/604614 service metrics migrated...
Progress: 524500/604614 service metrics migrated...
Progress: 525000/604614 service metrics migrated...
Progress: 525500/604614 service metrics migrated...
Progress: 526000/604614 service metrics migrated...
Progress: 526500/604614 service metrics migrated...
Progress: 527000/604614 service metrics migrated...
Progress: 527500/604614 service metrics migrated...
Progress: 528000/604614 service metrics migrated...
Progress: 528500/604614 service metrics migrated...
Progress: 529000/604614 service metrics migrated...
Progress: 529500/604614 service metrics migrated...
Progress: 530000/604614 service metrics migrated...
Progress: 530500/604614 service metrics migrated...
Progress: 531000/604614 service metrics migrated...
Progress: 531500/604614 service metrics migrated...
Progress: 532000/604614 service metrics migrated...
Progress: 532500/604614 service metrics migrated...
Progress: 533000/604614 service metrics migrated...
Progress: 533500/604614 service metrics migrated...
Progress: 534000/604614 service metrics migrated...
Progress: 534500/604614 service metrics migrated...
Progress: 535000/604614 service metrics migrated...
Progress: 535500/604614 service metrics migrated...
Progress: 536000/604614 service metrics migrated...
Progress: 536500/604614 service metrics migrated...
Progress: 537000/604614 service metrics migrated...
Progress: 537500/604614 service metrics migrated...
Progress: 538000/604614 service metrics migrated...
Progress: 538500/604614 service metrics migrated...
Progress: 539000/604614 service metrics migrated...
Progress: 539500/604614 service metrics migrated...
Progress: 540000/604614 service metrics migrated...
Progress: 540500/604614 service metrics migrated...
Progress: 541000/604614 service metrics migrated...
Progress: 541500/604614 service metrics migrated...
Progress: 542000/604614 service metrics migrated...
Progress: 542500/604614 service metrics migrated...
Progress: 543000/604614 service metrics migrated...
Progress: 543500/604614 service metrics migrated...
Progress: 544000/604614 service metrics migrated...
Progress: 544500/604614 service metrics migrated...
Progress: 545000/604614 service metrics migrated...
Progress: 545500/604614 service metrics migrated...
Progress: 546000/604614 service metrics migrated...
Progress: 546500/604614 service metrics migrated...
Progress: 547000/604614 service metrics migrated...
Progress: 547500/604614 service metrics migrated...
Progress: 548000/604614 service metrics migrated...
Progress: 548500/604614 service metrics migrated...
Progress: 549000/604614 service metrics migrated...
Progress: 549500/604614 service metrics migrated...
Progress: 550000/604614 service metrics migrated...
Progress: 550500/604614 service metrics migrated...
Progress: 551000/604614 service metrics migrated...
Progress: 551500/604614 service metrics migrated...
Progress: 552000/604614 service metrics migrated...
Progress: 552500/604614 service metrics migrated...
Progress: 553000/604614 service metrics migrated...
Progress: 553500/604614 service metrics migrated...
Progress: 554000/604614 service metrics migrated...
Progress: 554500/604614 service metrics migrated...
Progress: 555000/604614 service metrics migrated...
Progress: 555500/604614 service metrics migrated...
Progress: 556000/604614 service metrics migrated...
Progress: 556500/604614 service metrics migrated...
Progress: 557000/604614 service metrics migrated...
Progress: 557500/604614 service metrics migrated...
Progress: 558000/604614 service metrics migrated...
Progress: 558500/604614 service metrics migrated...
Progress: 559000/604614 service metrics migrated...
Progress: 559500/604614 service metrics migrated...
Progress: 560000/604614 service metrics migrated...
Progress: 560500/604614 service metrics migrated...
Progress: 561000/604614 service metrics migrated...
Progress: 561500/604614 service metrics migrated...
Progress: 562000/604614 service metrics migrated...
Progress: 562500/604614 service metrics migrated...
Progress: 563000/604614 service metrics migrated...
Progress: 563500/604614 service metrics migrated...
Progress: 564000/604614 service metrics migrated...
Progress: 564500/604614 service metrics migrated...
Progress: 565000/604614 service metrics migrated...
Progress: 565500/604614 service metrics migrated...
Progress: 566000/604614 service metrics migrated...
Progress: 566500/604614 service metrics migrated...
Progress: 567000/604614 service metrics migrated...
Progress: 567500/604614 service metrics migrated...
Progress: 568000/604614 service metrics migrated...
Progress: 568500/604614 service metrics migrated...
Progress: 569000/604614 service metrics migrated...
Progress: 569500/604614 service metrics migrated...
Progress: 570000/604614 service metrics migrated...
Progress: 570500/604614 service metrics migrated...
Progress: 571000/604614 service metrics migrated...
Progress: 571500/604614 service metrics migrated...
Progress: 572000/604614 service metrics migrated...
Progress: 572500/604614 service metrics migrated...
Progress: 573000/604614 service metrics migrated...
Progress: 573500/604614 service metrics migrated...
Progress: 574000/604614 service metrics migrated...
Progress: 574500/604614 service metrics migrated...
Progress: 575000/604614 service metrics migrated...
Progress: 575500/604614 service metrics migrated...
Progress: 576000/604614 service metrics migrated...
Progress: 576500/604614 service metrics migrated...
Progress: 577000/604614 service metrics migrated...
Progress: 577500/604614 service metrics migrated...
Progress: 578000/604614 service metrics migrated...
Progress: 578500/604614 service metrics migrated...
Progress: 579000/604614 service metrics migrated...
Progress: 579500/604614 service metrics migrated...
Progress: 580000/604614 service metrics migrated...
Progress: 580500/604614 service metrics migrated...
Progress: 581000/604614 service metrics migrated...
Progress: 581500/604614 service metrics migrated...
Progress: 582000/604614 service metrics migrated...
Progress: 582500/604614 service metrics migrated...
Progress: 583000/604614 service metrics migrated...
Progress: 583500/604614 service metrics migrated...
Progress: 584000/604614 service metrics migrated...
Progress: 584500/604614 service metrics migrated...
Progress: 585000/604614 service metrics migrated...
Progress: 585500/604614 service metrics migrated...
Progress: 586000/604614 service metrics migrated...
Progress: 586500/604614 service metrics migrated...
Progress: 587000/604614 service metrics migrated...
Progress: 587500/604614 service metrics migrated...
Progress: 588000/604614 service metrics migrated...
Progress: 588500/604614 service metrics migrated...
Progress: 589000/604614 service metrics migrated...
Progress: 589500/604614 service metrics migrated...
Progress: 590000/604614 service metrics migrated...
Progress: 590500/604614 service metrics migrated...
Progress: 591000/604614 service metrics migrated...
Progress: 591500/604614 service metrics migrated...
Progress: 592000/604614 service metrics migrated...
Progress: 592500/604614 service metrics migrated...
Progress: 593000/604614 service metrics migrated...
Progress: 593500/604614 service metrics migrated...
Progress: 594000/604614 service metrics migrated...
Progress: 594500/604614 service metrics migrated...
Progress: 595000/604614 service metrics migrated...
Progress: 595500/604614 service metrics migrated...
Progress: 596000/604614 service metrics migrated...
Progress: 596500/604614 service metrics migrated...
Progress: 597000/604614 service metrics migrated...
Progress: 597500/604614 service metrics migrated...
Progress: 598000/604614 service metrics migrated...
Progress: 598500/604614 service metrics migrated...
Progress: 599000/604614 service metrics migrated...
Progress: 599500/604614 service metrics migrated...
Progress: 600000/604614 service metrics migrated...
Progress: 600500/604614 service metrics migrated...
Progress: 601000/604614 service metrics migrated...
Progress: 601500/604614 service metrics migrated...
Progress: 602000/604614 service metrics migrated...
Progress: 602500/604614 service metrics migrated...
Progress: 603000/604614 service metrics migrated...
Progress: 603500/604614 service metrics migrated...
Progress: 604000/604614 service metrics migrated...
Progress: 604500/604614 service metrics migrated...
Progress: 604614/604614 service metrics migrated...
service_metrics table migration completed successfully.

Migration complete! You can now delete metrics.db if you want to save space on your host.
